0 info it worked if it ends with ok
1 verbose cli [ 'F:\\Program Files\\nodejs\\node.exe',
1 verbose cli   'C:\\Users\\李洋\\AppData\\Roaming\\npm\\node_modules\\npm\\bin\\npm-cli.js',
1 verbose cli   'start' ]
2 info using npm@4.0.2
3 info using node@v6.2.0
4 verbose run-script [ 'prestart', 'start', 'poststart' ]
5 info lifecycle mymessage@1.0.0~prestart: mymessage@1.0.0
6 silly lifecycle mymessage@1.0.0~prestart: no script for prestart, continuing
7 info lifecycle mymessage@1.0.0~start: mymessage@1.0.0
8 verbose lifecycle mymessage@1.0.0~start: unsafe-perm in lifecycle true
9 verbose lifecycle mymessage@1.0.0~start: PATH: C:\Users\李洋\AppData\Roaming\npm\node_modules\npm\bin\node-gyp-bin;D:\learn-doc\React\reactDemo\myMessage\node_modules\.bin;C:\Users\李洋\bin;F:\Program Files\Git\mingw64\bin;F:\Program Files\Git\usr\local\bin;F:\Program Files\Git\usr\bin;F:\Program Files\Git\usr\bin;F:\Program Files\Git\mingw64\bin;F:\Program Files\Git\usr\bin;C:\Users\李洋\bin;G:\Program Files\Java\jdk1.8.0_131\bin;G:\Program Files\Java\jdk1.8.0_131\jre\bin;F:\Ruby23-x64\bin;C:\Users\李洋\AppData\Roaming\npm;F:\Program Files\Git\cmd;F:\Program Files\nodejs;F:\Program Files\Git\usr\bin\vendor_perl;F:\Program Files\Git\usr\bin\core_perl
10 verbose lifecycle mymessage@1.0.0~start: CWD: D:\learn-doc\React\reactDemo\myMessage
11 silly lifecycle mymessage@1.0.0~start: Args: [ '/d /s /c', 'node server.js' ]
12 silly lifecycle mymessage@1.0.0~start: Returned: code: 1  signal: null
13 info lifecycle mymessage@1.0.0~start: Failed to exec start script
14 verbose stack Error: mymessage@1.0.0 start: `node server.js`
14 verbose stack Exit status 1
14 verbose stack     at EventEmitter.<anonymous> (C:\Users\李洋\AppData\Roaming\npm\node_modules\npm\lib\utils\lifecycle.js:279:16)
14 verbose stack     at emitTwo (events.js:106:13)
14 verbose stack     at EventEmitter.emit (events.js:191:7)
14 verbose stack     at ChildProcess.<anonymous> (C:\Users\李洋\AppData\Roaming\npm\node_modules\npm\lib\utils\spawn.js:40:14)
14 verbose stack     at emitTwo (events.js:106:13)
14 verbose stack     at ChildProcess.emit (events.js:191:7)
14 verbose stack     at maybeClose (internal/child_process.js:850:16)
14 verbose stack     at Process.ChildProcess._handle.onexit (internal/child_process.js:215:5)
15 verbose pkgid mymessage@1.0.0
16 verbose cwd D:\learn-doc\React\reactDemo\myMessage
17 error Windows_NT 10.0.14393
18 error argv "F:\\Program Files\\nodejs\\node.exe" "C:\\Users\\李洋\\AppData\\Roaming\\npm\\node_modules\\npm\\bin\\npm-cli.js" "start"
19 error node v6.2.0
20 error npm  v4.0.2
21 error code ELIFECYCLE
22 error mymessage@1.0.0 start: `node server.js`
22 error Exit status 1
23 error Failed at the mymessage@1.0.0 start script 'node server.js'.
23 error Make sure you have the latest version of node.js and npm installed.
23 error If you do, this is most likely a problem with the mymessage package,
23 error not with npm itself.
23 error Tell the author that this fails on your system:
23 error     node server.js
23 error You can get information on how to open an issue for this project with:
23 error     npm bugs mymessage
23 error Or if that isn't available, you can get their info via:
23 error     npm owner ls mymessage
23 error There is likely additional logging output above.
24 verbose exit [ 1, true ]
